<?xml version="1.0" encoding="UTF-8"?>
<!-- Generated by org.testng.reporters.JUnitReportReporter -->
<testsuite hostname="Ryota" failures="0" tests="5" name="myTestCases" time="3.164" errors="0" timestamp="2024-10-26T21:12:53 AST" skipped="0">
  <testcase classname="myTestCases" name="login" time="0.509"/>
  <system-out/>
  <testcase classname="myTestCases" name="customerName" time="0.519"/>
  <system-out/>
  <testcase classname="myTestCases" name="deposit" time="1.379"/>
  <system-out/>
  <testcase classname="myTestCases" name="withdraw" time="0.703"/>
  <system-out/>
  <testcase classname="myTestCases" name="balance" time="0.054"/>
  <system-out/>
</testsuite> <!-- myTestCases -->
