<?xml version="1.0" encoding="UTF-8"?>
<!-- Generated by org.testng.reporters.JUnitReportReporter -->
<testsuite hostname="Ryota" failures="0" tests="5" name="myTestCases" time="3.055" errors="0" timestamp="2024-10-26T20:28:54 AST" skipped="0">
  <testcase classname="myTestCases" name="login" time="0.502"/>
  <system-out/>
  <testcase classname="myTestCases" name="customerName" time="0.478"/>
  <system-out/>
  <testcase classname="myTestCases" name="deposit" time="1.390"/>
  <system-out/>
  <testcase classname="myTestCases" name="withdraw" time="0.658"/>
  <system-out/>
  <testcase classname="myTestCases" name="balance" time="0.027"/>
  <system-out/>
</testsuite> <!-- myTestCases -->
